ServiceWithIPCExampleClient/app/build/outputs/logs/manifest-merger-debug-report.txt
-- Merging decision tree log ---
manifest
ADDED from src\main\AndroidManifest.xml:2:1-41:12
	package
		ADDED from src\main\AndroidManifest.xml:3:5-49
		INJECTED from src\main\AndroidManifest.xml
		INJECTED from src\main\AndroidManifest.xml
	android:versionName
		ADDED from src\main\AndroidManifest.xml:5:5-30
		INJECTED from src\main\AndroidManifest.xml
		INJECTED from src\main\AndroidManifest.xml
	android:versionCode
		ADDED from src\main\AndroidManifest.xml:4:5-28
		INJECTED from src\main\AndroidManifest.xml
		INJECTED from src\main\AndroidManifest.xml
	xmlns:android
		ADDED from src\main\AndroidManifest.xml:2:11-69
uses-sdk
ADDED from src\main\AndroidManifest.xml:7:5-9:41
MERGED from [com.google.android.gms:play-services-appindexing:8.1.0] AndroidManifest.xml:18:5-42
MERGED from [com.google.android.gms:play-services-basement:8.1.0] AndroidManifest.xml:18:5-42
MERGED from [com.android.support:support-v4:22.2.0] AndroidManifest.xml:20:5-43
	android:targetSdkVersion
		ADDED from src\main\AndroidManifest.xml:9:9-38
		INJECTED from src\main\AndroidManifest.xml
		INJECTED from src\main\AndroidManifest.xml
	android:minSdkVersion
		ADDED from src\main\AndroidManifest.xml:8:9-35
		INJECTED from src\main\AndroidManifest.xml
		INJECTED from src\main\AndroidManifest.xml
uses-permission#android.permission.WRITE_EXTERNAL_STORAGE
ADDED from src\main\AndroidManifest.xml:11:5-81
	android:name
		ADDED from src\main\AndroidManifest.xml:11:22-78
uses-permission#android.permission.READ_PHONE_STATE
ADDED from src\main\AndroidManifest.xml:12:5-75
	android:name
		ADDED from src\main\AndroidManifest.xml:12:22-72
uses-permission#android.permission.READ_EXTERNAL_STORAGE
ADDED from src\main\AndroidManifest.xml:13:5-80
	android:name
		ADDED from src\main\AndroidManifest.xml:13:22-77
uses-permission#android.permission.ACCESS_NETWORK_STATE
ADDED from src\main\AndroidManifest.xml:14:5-79
	android:name
		ADDED from src\main\AndroidManifest.xml:14:22-76
uses-permission#android.permission.INTERNET
ADDED from src\main\AndroidManifest.xml:15:5-67
	android:name
		ADDED from src\main\AndroidManifest.xml:15:22-64
uses-permission#course.examples.Services.KeyService.GEN_ID
ADDED from src\main\AndroidManifest.xml:17:5-82
	android:name
		ADDED from src\main\AndroidManifest.xml:17:22-79
application
ADDED from src\main\AndroidManifest.xml:19:5-39:19
MERGED from [com.google.android.gms:play-services-appindexing:8.1.0] AndroidManifest.xml:19:5-20
MERGED from [com.google.android.gms:play-services-basement:8.1.0] AndroidManifest.xml:20:5-24:19
MERGED from [com.android.support:support-v4:22.2.0] AndroidManifest.xml:22:5-20
	android:label
		ADDED from src\main\AndroidManifest.xml:20:9-32
	android:allowBackup
		ADDED from src\main\AndroidManifest.xml:21:9-36
	android:icon
		ADDED from src\main\AndroidManifest.xml:22:9-45
activity#course.examples.Services.KeyClient.FedCash
ADDED from src\main\AndroidManifest.xml:23:9-31:20
	android:label
		ADDED from src\main\AndroidManifest.xml:25:13-36
	android:name
		ADDED from src\main\AndroidManifest.xml:24:13-36
intent-filter#android.intent.action.MAIN+android.intent.category.LAUNCHER
ADDED from src\main\AndroidManifest.xml:26:13-30:29
action#android.intent.action.MAIN
ADDED from src\main\AndroidManifest.xml:27:17-69
	android:name
		ADDED from src\main\AndroidManifest.xml:27:25-66
category#android.intent.category.LAUNCHER
ADDED from src\main\AndroidManifest.xml:29:17-77
	android:name
		ADDED from src\main\AndroidManifest.xml:29:27-74
activity#course.examples.Services.KeyClient.DisplayData
ADDED from src\main\AndroidManifest.xml:33:9-58
	android:name
		ADDED from src\main\AndroidManifest.xml:33:19-46
meta-data#com.google.android.gms.version
ADDED from src\main\AndroidManifest.xml:36:9-38:69
MERGED from [com.google.android.gms:play-services-basement:8.1.0] AndroidManifest.xml:21:9-23:69
	android:value
		ADDED from src\main\AndroidManifest.xml:38:13-66
	android:name
		ADDED from src\main\AndroidManifest.xml:37:13-58